Automated commit on Sun Feb  9 16:32:20 UTC 2025
Automated commit on Mon Feb 10 03:01:15 UTC 2025
Automated commit on Tue Feb 11 03:00:20 UTC 2025
Automated commit on Wed Feb 12 02:59:11 UTC 2025
Automated commit on Thu Feb 13 03:00:06 UTC 2025
Automated commit on Fri Feb 14 02:59:40 UTC 2025
Automated commit on Sat Feb 15 02:59:07 UTC 2025
Automated commit on Sun Feb 16 03:04:10 UTC 2025
Automated commit on Mon Feb 17 03:03:27 UTC 2025
Automated commit on Tue Feb 18 02:59:02 UTC 2025
Automated commit on Wed Feb 19 03:00:37 UTC 2025
Automated commit on Thu Feb 20 03:01:05 UTC 2025
Automated commit on Fri Feb 21 03:01:31 UTC 2025
Automated commit on Sat Feb 22 02:58:34 UTC 2025
Automated commit on Sun Feb 23 03:04:45 UTC 2025
Automated commit on Mon Feb 24 03:05:16 UTC 2025
Automated commit on Tue Feb 25 03:04:27 UTC 2025
Automated commit on Wed Feb 26 03:03:43 UTC 2025
Automated commit on Thu Feb 27 03:04:42 UTC 2025
Automated commit on Fri Feb 28 03:05:09 UTC 2025
Automated commit on Sat Mar  1 03:09:29 UTC 2025
Automated commit on Sun Mar  2 03:07:05 UTC 2025
Automated commit on Mon Mar  3 03:07:07 UTC 2025
Automated commit on Tue Mar  4 03:07:00 UTC 2025
Automated commit on Wed Mar  5 03:05:54 UTC 2025
Automated commit on Thu Mar  6 03:06:38 UTC 2025
Automated commit on Fri Mar  7 03:07:25 UTC 2025
Automated commit on Sat Mar  8 02:44:22 UTC 2025
Automated commit on Sun Mar  9 02:47:29 UTC 2025
Automated commit on Mon Mar 10 02:47:15 UTC 2025
Automated commit on Tue Mar 11 03:07:36 UTC 2025
Automated commit on Wed Mar 12 03:06:29 UTC 2025
Automated commit on Thu Mar 13 03:08:23 UTC 2025
Automated commit on Fri Mar 14 03:06:27 UTC 2025
Automated commit on Sat Mar 15 03:04:46 UTC 2025
Automated commit on Sun Mar 16 03:11:24 UTC 2025
Automated commit on Mon Mar 17 03:10:34 UTC 2025
Automated commit on Tue Mar 18 03:09:52 UTC 2025
Automated commit on Wed Mar 19 03:09:08 UTC 2025
Automated commit on Thu Mar 20 03:07:58 UTC 2025
Automated commit on Fri Mar 21 03:09:56 UTC 2025
Automated commit on Sat Mar 22 03:09:16 UTC 2025
Automated commit on Sun Mar 23 03:20:53 UTC 2025
Automated commit on Mon Mar 24 03:22:09 UTC 2025
Automated commit on Tue Mar 25 03:11:11 UTC 2025
Automated commit on Wed Mar 26 03:09:57 UTC 2025
Automated commit on Thu Mar 27 03:10:58 UTC 2025
Automated commit on Fri Mar 28 03:12:17 UTC 2025
Automated commit on Sat Mar 29 03:09:11 UTC 2025
Automated commit on Sun Mar 30 03:24:32 UTC 2025
Automated commit on Mon Mar 31 03:24:57 UTC 2025
Automated commit on Tue Apr  1 03:29:47 UTC 2025
Automated commit on Wed Apr  2 03:12:30 UTC 2025
Automated commit on Thu Apr  3 03:11:55 UTC 2025
Automated commit on Fri Apr  4 03:11:21 UTC 2025
